# JRE version: OpenJDK Runtime Environment Temurin-17.0.12+7 (17.0.12+7) (build 17.0.12+7)
# Java VM: OpenJDK 64-Bit Server VM Temurin-17.0.12+7 (17.0.12+7, mixed mode, tiered, compressed oops, compressed class ptrs, parallel gc, windows-amd64)
GC Precious Log:
 CPUs: 6 total, 6 available
 Memory: 4094M
 Large Page Support: Disabled
 NUMA Support: Disabled
 Compressed Oops: Enabled (32-bit)
 Alignments: Space 512K, Generation 512K, Heap 2M
 Heap Min Capacity: 100M
 Heap Initial Capacity: 100M
 Heap Max Capacity: 1G
 Pre-touch: Disabled
 Parallel Workers: 6
Heap:
 PSYoungGen      total 19968K, used 6940K [0x00000000eab00000, 0x00000000ec080000, 0x0000000100000000)
  eden space 18944K, 33% used [0x00000000eab00000,0x00000000eb1412d0,0x00000000ebd80000)
  from space 1024K, 52% used [0x00000000ebf80000,0x00000000ec006038,0x00000000ec080000)
  to   space 1024K, 0% used [0x00000000ebe80000,0x00000000ebe80000,0x00000000ebf80000)
 ParOldGen       total 68608K, used 32486K [0x00000000c0000000, 0x00000000c4300000, 0x00000000eab00000)
  object space 68608K, 47% used [0x00000000c0000000,0x00000000c1fb9bd0,0x00000000c4300000)
 Metaspace       used 49719K, committed 50624K, reserved 1114112K
  class space    used 5063K, committed 5440K, reserved 1048576K
GC Heap History (20 events):
Event: 15.129 GC heap before
{Heap before GC invocations=17 (full 2):
 PSYoungGen      total 23040K, used 22870K [0x00000000eab00000, 0x00000000ec480000, 0x0000000100000000)
  eden space 22016K, 100% used [0x00000000eab00000,0x00000000ec080000,0x00000000ec080000)
  from space 1024K, 83% used [0x00000000ec380000,0x00000000ec455a78,0x00000000ec480000)
  to   space 1536K, 0% used [0x00000000ec180000,0x00000000ec180000,0x00000000ec300000)
 ParOldGen       total 68608K, used 20154K [0x00000000c0000000, 0x00000000c4300000, 0x00000000eab00000)
  object space 68608K, 29% used [0x00000000c0000000,0x00000000c13ae888,0x00000000c4300000)
 Metaspace       used 42657K, committed 43584K, reserved 1114112K
  class space    used 4397K, committed 4800K, reserved 1048576K
}
Event: 15.134 GC heap after
{Heap after GC invocations=17 (full 2):
 PSYoungGen      total 23552K, used 443K [0x00000000eab00000, 0x00000000ec400000, 0x0000000100000000)
  eden space 22016K, 0% used [0x00000000eab00000,0x00000000eab00000,0x00000000ec080000)
  from space 1536K, 28% used [0x00000000ec180000,0x00000000ec1eeea8,0x00000000ec300000)
  to   space 1024K, 0% used [0x00000000ec300000,0x00000000ec300000,0x00000000ec400000)
 ParOldGen       total 68608K, used 20698K [0x00000000c0000000, 0x00000000c4300000, 0x00000000eab00000)
  object space 68608K, 30% used [0x00000000c0000000,0x00000000c14368d0,0x00000000c4300000)
 Metaspace       used 42657K, committed 43584K, reserved 1114112K
  class space    used 4397K, committed 4800K, reserved 1048576K
}
Event: 16.370 GC heap before
{Heap before GC invocations=18 (full 2):
 PSYoungGen      total 23552K, used 22459K [0x00000000eab00000, 0x00000000ec400000, 0x0000000100000000)
  eden space 22016K, 99% used [0x00000000eab00000,0x00000000ec07ffe8,0x00000000ec080000)
  from space 1536K, 28% used [0x00000000ec180000,0x00000000ec1eeea8,0x00000000ec300000)
  to   space 1024K, 0% used [0x00000000ec300000,0x00000000ec300000,0x00000000ec400000)
 ParOldGen       total 68608K, used 20698K [0x00000000c0000000, 0x00000000c4300000, 0x00000000eab00000)
  object space 68608K, 30% used [0x00000000c0000000,0x00000000c14368d0,0x00000000c4300000)
 Metaspace       used 44682K, committed 45568K, reserved 1114112K
  class space    used 4556K, committed 4928K, reserved 1048576K
}
Event: 16.374 GC heap after
{Heap after GC invocations=18 (full 2):
 PSYoungGen      total 23040K, used 992K [0x00000000eab00000, 0x00000000ec580000, 0x0000000100000000)
  eden space 22016K, 0% used [0x00000000eab00000,0x00000000eab00000,0x00000000ec080000)
  from space 1024K, 96% used [0x00000000ec300000,0x00000000ec3f8040,0x00000000ec400000)
  to   space 2560K, 0% used [0x00000000ec080000,0x00000000ec080000,0x00000000ec300000)
 ParOldGen       total 68608K, used 21557K [0x00000000c0000000, 0x00000000c4300000, 0x00000000eab00000)
  object space 68608K, 31% used [0x00000000c0000000,0x00000000c150d758,0x00000000c4300000)
 Metaspace       used 44682K, committed 45568K, reserved 1114112K
  class space    used 4556K, committed 4928K, reserved 1048576K
}
Event: 16.494 GC heap before
{Heap before GC invocations=19 (full 2):
 PSYoungGen      total 23040K, used 23008K [0x00000000eab00000, 0x00000000ec580000, 0x0000000100000000)
  eden space 22016K, 100% used [0x00000000eab00000,0x00000000ec080000,0x00000000ec080000)
  from space 1024K, 96% used [0x00000000ec300000,0x00000000ec3f8040,0x00000000ec400000)
  to   space 2560K, 0% used [0x00000000ec080000,0x00000000ec080000,0x00000000ec300000)
 ParOldGen       total 68608K, used 21557K [0x00000000c0000000, 0x00000000c4300000, 0x00000000eab00000)
  object space 68608K, 31% used [0x00000000c0000000,0x00000000c150d758,0x00000000c4300000)
 Metaspace       used 44777K, committed 45632K, reserved 1114112K
  class space    used 4559K, committed 4928K, reserved 1048576K
}
Event: 16.498 GC heap after
{Heap after GC invocations=19 (full 2):
 PSYoungGen      total 24064K, used 1952K [0x00000000eab00000, 0x00000000ec480000, 0x0000000100000000)
  eden space 22016K, 0% used [0x00000000eab00000,0x00000000eab00000,0x00000000ec080000)
  from space 2048K, 95% used [0x00000000ec080000,0x00000000ec268020,0x00000000ec280000)
  to   space 2048K, 0% used [0x00000000ec280000,0x00000000ec280000,0x00000000ec480000)
 ParOldGen       total 68608K, used 22552K [0x00000000c0000000, 0x00000000c4300000, 0x00000000eab00000)
  object space 68608K, 32% used [0x00000000c0000000,0x00000000c16062f8,0x00000000c4300000)
 Metaspace       used 44777K, committed 45632K, reserved 1114112K
  class space    used 4559K, committed 4928K, reserved 1048576K
}
Event: 16.589 GC heap before
{Heap before GC invocations=20 (full 2):
 PSYoungGen      total 24064K, used 23968K [0x00000000eab00000, 0x00000000ec480000, 0x0000000100000000)
  eden space 22016K, 100% used [0x00000000eab00000,0x00000000ec080000,0x00000000ec080000)
  from space 2048K, 95% used [0x00000000ec080000,0x00000000ec268020,0x00000000ec280000)
  to   space 2048K, 0% used [0x00000000ec280000,0x00000000ec280000,0x00000000ec480000)
 ParOldGen       total 68608K, used 22552K [0x00000000c0000000, 0x00000000c4300000, 0x00000000eab00000)
  object space 68608K, 32% used [0x00000000c0000000,0x00000000c16062f8,0x00000000c4300000)
 Metaspace       used 44779K, committed 45632K, reserved 1114112K
  class space    used 4559K, committed 4928K, reserved 1048576K
}
Event: 16.598 GC heap after
{Heap after GC invocations=20 (full 2):
 PSYoungGen      total 20992K, used 2016K [0x00000000eab00000, 0x00000000eca80000, 0x0000000100000000)
  eden space 18944K, 0% used [0x00000000eab00000,0x00000000eab00000,0x00000000ebd80000)
  from space 2048K, 98% used [0x00000000ec280000,0x00000000ec478010,0x00000000ec480000)
  to   space 5120K, 0% used [0x00000000ebd80000,0x00000000ebd80000,0x00000000ec280000)
 ParOldGen       total 68608K, used 24932K [0x00000000c0000000, 0x00000000c4300000, 0x00000000eab00000)
  object space 68608K, 36% used [0x00000000c0000000,0x00000000c1859318,0x00000000c4300000)
 Metaspace       used 44779K, committed 45632K, reserved 1114112K
  class space    used 4559K, committed 4928K, reserved 1048576K
}
Event: 16.713 GC heap before
{Heap before GC invocations=21 (full 2):
 PSYoungGen      total 20992K, used 20960K [0x00000000eab00000, 0x00000000eca80000, 0x0000000100000000)
  eden space 18944K, 100% used [0x00000000eab00000,0x00000000ebd80000,0x00000000ebd80000)
  from space 2048K, 98% used [0x00000000ec280000,0x00000000ec478010,0x00000000ec480000)
  to   space 5120K, 0% used [0x00000000ebd80000,0x00000000ebd80000,0x00000000ec280000)
 ParOldGen       total 68608K, used 24932K [0x00000000c0000000, 0x00000000c4300000, 0x00000000eab00000)
  object space 68608K, 36% used [0x00000000c0000000,0x00000000c1859318,0x00000000c4300000)
 Metaspace       used 44780K, committed 45632K, reserved 1114112K
  class space    used 4559K, committed 4928K, reserved 1048576K
}
Event: 16.723 GC heap after
{Heap after GC invocations=21 (full 2):
 PSYoungGen      total 20992K, used 1824K [0x00000000eab00000, 0x00000000ec380000, 0x0000000100000000)
  eden space 18944K, 0% used [0x00000000eab00000,0x00000000eab00000,0x00000000ebd80000)
  from space 2048K, 89% used [0x00000000ebd80000,0x00000000ebf48000,0x00000000ebf80000)
  to   space 3072K, 0% used [0x00000000ec080000,0x00000000ec080000,0x00000000ec380000)
 ParOldGen       total 68608K, used 26916K [0x00000000c0000000, 0x00000000c4300000, 0x00000000eab00000)
  object space 68608K, 39% used [0x00000000c0000000,0x00000000c1a49328,0x00000000c4300000)
 Metaspace       used 44780K, committed 45632K, reserved 1114112K
  class space    used 4559K, committed 4928K, reserved 1048576K
}
Event: 16.963 GC heap before
{Heap before GC invocations=22 (full 2):
 PSYoungGen      total 20992K, used 20768K [0x00000000eab00000, 0x00000000ec380000, 0x0000000100000000)
  eden space 18944K, 100% used [0x00000000eab00000,0x00000000ebd80000,0x00000000ebd80000)
  from space 2048K, 89% used [0x00000000ebd80000,0x00000000ebf48000,0x00000000ebf80000)
  to   space 3072K, 0% used [0x00000000ec080000,0x00000000ec080000,0x00000000ec380000)
 ParOldGen       total 68608K, used 26916K [0x00000000c0000000, 0x00000000c4300000, 0x00000000eab00000)
  object space 68608K, 39% used [0x00000000c0000000,0x00000000c1a49328,0x00000000c4300000)
 Metaspace       used 45465K, committed 46336K, reserved 1114112K
  class space    used 4636K, committed 4992K, reserved 1048576K
}
Event: 16.970 GC heap after
{Heap after GC invocations=22 (full 2):
 PSYoungGen      total 21504K, used 2360K [0x00000000eab00000, 0x00000000ec300000, 0x0000000100000000)
  eden space 18944K, 0% used [0x00000000eab00000,0x00000000eab00000,0x00000000ebd80000)
  from space 2560K, 92% used [0x00000000ec080000,0x00000000ec2ce220,0x00000000ec300000)
  to   space 2560K, 0% used [0x00000000ebe00000,0x00000000ebe00000,0x00000000ec080000)
 ParOldGen       total 68608K, used 28636K [0x00000000c0000000, 0x00000000c4300000, 0x00000000eab00000)
  object space 68608K, 41% used [0x00000000c0000000,0x00000000c1bf7328,0x00000000c4300000)
 Metaspace       used 45465K, committed 46336K, reserved 1114112K
  class space    used 4636K, committed 4992K, reserved 1048576K
}
Event: 17.114 GC heap before
{Heap before GC invocations=23 (full 2):
 PSYoungGen      total 21504K, used 21304K [0x00000000eab00000, 0x00000000ec300000, 0x0000000100000000)
  eden space 18944K, 100% used [0x00000000eab00000,0x00000000ebd80000,0x00000000ebd80000)
  from space 2560K, 92% used [0x00000000ec080000,0x00000000ec2ce220,0x00000000ec300000)
  to   space 2560K, 0% used [0x00000000ebe00000,0x00000000ebe00000,0x00000000ec080000)
 ParOldGen       total 68608K, used 28636K [0x00000000c0000000, 0x00000000c4300000, 0x00000000eab00000)
  object space 68608K, 41% used [0x00000000c0000000,0x00000000c1bf7328,0x00000000c4300000)
 Metaspace       used 45926K, committed 46784K, reserved 1114112K
  class space    used 4684K, committed 5056K, reserved 1048576K
}
Event: 17.122 GC heap after
{Heap after GC invocations=23 (full 2):
 PSYoungGen      total 20480K, used 1442K [0x00000000eab00000, 0x00000000ec180000, 0x0000000100000000)
  eden space 18944K, 0% used [0x00000000eab00000,0x00000000eab00000,0x00000000ebd80000)
  from space 1536K, 93% used [0x00000000ebe00000,0x00000000ebf68938,0x00000000ebf80000)
  to   space 2048K, 0% used [0x00000000ebf80000,0x00000000ebf80000,0x00000000ec180000)
 ParOldGen       total 68608K, used 30904K [0x00000000c0000000, 0x00000000c4300000, 0x00000000eab00000)
  object space 68608K, 45% used [0x00000000c0000000,0x00000000c1e2e1e8,0x00000000c4300000)
 Metaspace       used 45926K, committed 46784K, reserved 1114112K
  class space    used 4684K, committed 5056K, reserved 1048576K
}
Event: 17.224 GC heap before
{Heap before GC invocations=24 (full 2):
 PSYoungGen      total 20480K, used 20386K [0x00000000eab00000, 0x00000000ec180000, 0x0000000100000000)
  eden space 18944K, 100% used [0x00000000eab00000,0x00000000ebd80000,0x00000000ebd80000)
  from space 1536K, 93% used [0x00000000ebe00000,0x00000000ebf68938,0x00000000ebf80000)
  to   space 2048K, 0% used [0x00000000ebf80000,0x00000000ebf80000,0x00000000ec180000)
 ParOldGen       total 68608K, used 30904K [0x00000000c0000000, 0x00000000c4300000, 0x00000000eab00000)
  object space 68608K, 45% used [0x00000000c0000000,0x00000000c1e2e1e8,0x00000000c4300000)
 Metaspace       used 46139K, committed 46976K, reserved 1114112K
  class space    used 4699K, committed 5056K, reserved 1048576K
}
Event: 17.233 GC heap after
{Heap after GC invocations=24 (full 2):
 PSYoungGen      total 19968K, used 614K [0x00000000eab00000, 0x00000000ec080000, 0x0000000100000000)
  eden space 18944K, 0% used [0x00000000eab00000,0x00000000eab00000,0x00000000ebd80000)
  from space 1024K, 59% used [0x00000000ebf80000,0x00000000ec019918,0x00000000ec080000)
  to   space 1024K, 0% used [0x00000000ebe80000,0x00000000ebe80000,0x00000000ebf80000)
 ParOldGen       total 68608K, used 31433K [0x00000000c0000000, 0x00000000c4300000, 0x00000000eab00000)
  object space 68608K, 45% used [0x00000000c0000000,0x00000000c1eb27a0,0x00000000c4300000)
 Metaspace       used 46139K, committed 46976K, reserved 1114112K
  class space    used 4699K, committed 5056K, reserved 1048576K
}
Event: 27.056 GC heap before
{Heap before GC invocations=25 (full 2):
 PSYoungGen      total 19968K, used 19558K [0x00000000eab00000, 0x00000000ec080000, 0x0000000100000000)
  eden space 18944K, 100% used [0x00000000eab00000,0x00000000ebd80000,0x00000000ebd80000)
  from space 1024K, 59% used [0x00000000ebf80000,0x00000000ec019918,0x00000000ec080000)
  to   space 1024K, 0% used [0x00000000ebe80000,0x00000000ebe80000,0x00000000ebf80000)
 ParOldGen       total 68608K, used 31433K [0x00000000c0000000, 0x00000000c4300000, 0x00000000eab00000)
  object space 68608K, 45% used [0x00000000c0000000,0x00000000c1eb27a0,0x00000000c4300000)
 Metaspace       used 48723K, committed 49728K, reserved 1114112K
  class space    used 4950K, committed 5376K, reserved 1048576K
}
Event: 27.061 GC heap after
{Heap after GC invocations=25 (full 2):
 PSYoungGen      total 19968K, used 1008K [0x00000000eab00000, 0x00000000ec080000, 0x0000000100000000)
  eden space 18944K, 0% used [0x00000000eab00000,0x00000000eab00000,0x00000000ebd80000)
  from space 1024K, 98% used [0x00000000ebe80000,0x00000000ebf7c2e8,0x00000000ebf80000)
  to   space 1024K, 0% used [0x00000000ebf80000,0x00000000ebf80000,0x00000000ec080000)
 ParOldGen       total 68608K, used 31505K [0x00000000c0000000, 0x00000000c4300000, 0x00000000eab00000)
  object space 68608K, 45% used [0x00000000c0000000,0x00000000c1ec47a0,0x00000000c4300000)
 Metaspace       used 48723K, committed 49728K, reserved 1114112K
  class space    used 4950K, committed 5376K, reserved 1048576K
}
Event: 27.285 GC heap before
{Heap before GC invocations=26 (full 2):
 PSYoungGen      total 19968K, used 19952K [0x00000000eab00000, 0x00000000ec080000, 0x0000000100000000)
  eden space 18944K, 99% used [0x00000000eab00000,0x00000000ebd7ff78,0x00000000ebd80000)
  from space 1024K, 98% used [0x00000000ebe80000,0x00000000ebf7c2e8,0x00000000ebf80000)
  to   space 1024K, 0% used [0x00000000ebf80000,0x00000000ebf80000,0x00000000ec080000)
 ParOldGen       total 68608K, used 31505K [0x00000000c0000000, 0x00000000c4300000, 0x00000000eab00000)
  object space 68608K, 45% used [0x00000000c0000000,0x00000000c1ec47a0,0x00000000c4300000)
 Metaspace       used 49005K, committed 49984K, reserved 1114112K
  class space    used 4973K, committed 5376K, reserved 1048576K
}
Event: 27.292 GC heap after
{Heap after GC invocations=26 (full 2):
 PSYoungGen      total 19968K, used 536K [0x00000000eab00000, 0x00000000ec080000, 0x0000000100000000)
  eden space 18944K, 0% used [0x00000000eab00000,0x00000000eab00000,0x00000000ebd80000)
  from space 1024K, 52% used [0x00000000ebf80000,0x00000000ec006038,0x00000000ec080000)
  to   space 1024K, 0% used [0x00000000ebe80000,0x00000000ebe80000,0x00000000ebf80000)
 ParOldGen       total 68608K, used 32486K [0x00000000c0000000, 0x00000000c4300000, 0x00000000eab00000)
  object space 68608K, 47% used [0x00000000c0000000,0x00000000c1fb9bd0,0x00000000c4300000)
 Metaspace       used 49005K, committed 49984K, reserved 1114112K
  class space    used 4973K, committed 5376K, reserved 1048576K
}

